<?xml version="1.0" encoding="UTF-8"?>
<!-- Generated by org.testng.reporters.JUnitReportReporter -->
<testsuite skipped="0" hostname="LAB1033R8HK3" name="AOL_CreditCardTest.CreditCardTest" tests="1" failures="0" timestamp="20 Jul 2022 06:32:09 GMT" time="522.284" errors="0">
  <testcase name="OpenCreditCardTest" time="522.284" classname="AOL_CreditCardTest.CreditCardTest"/>
</testsuite> <!-- AOL_CreditCardTest.CreditCardTest -->
